<?xml version="1.0" encoding="UTF-8"?>
<testsuite xmlns:xsi="http://www.w3.org/2001/XMLSchema-instance" xsi:noNamespaceSchemaLocation="https://maven.apache.org/surefire/maven-surefire-plugin/xsd/surefire-test-report-3.0.xsd" version="3.0" name="org.acme.reactive.crud.FruitResourceTest" time="10.072" tests="1" errors="1" skipped="0" failures="0">
  <properties>
[...]
</properties>
  <testcase name="testListAllFruits" classname="org.acme.reactive.crud.FruitResourceTest" time="0.006">
    <error type="java.lang.RuntimeException"><![CDATA[java.lang.RuntimeException: java.lang.RuntimeException: Failed to start quarkus
Caused by: java.lang.RuntimeException: Failed to start quarkus
Caused by: java.lang.RuntimeException: Unable to start HTTP server
Caused by: java.util.concurrent.ExecutionException: java.net.BindException: Address already in use: bind
Caused by: java.net.BindException: Address already in use: bind
]]></error>
    <system-out><![CDATA[2021-05-25 18:09:14,376 WARN  [io.qua.boo.res.mav.BootstrapMavenContext] (main) Settings problem encountered at D:\java_tooltip\maven\apache-maven-3.8.1\bin\..\conf\settings.xml, line 164, column 16: org.apache.maven.settings.io.SettingsParseException: Unrecognised tag: 'blocked' (position: START_TAG seen ...</url>\r\n      <blocked>... @164:16) 
	at org.apache.maven.settings.io.DefaultSettingsReader.read(DefaultSettingsReader.java:87)
	at org.apache.maven.settings.building.DefaultSettingsBuilder.readSettings(DefaultSettingsBuilder.java:182)
	at org.apache.maven.settings.building.DefaultSettingsBuilder.build(DefaultSettingsBuilder.java:104)
	at io.quarkus.bootstrap.resolver.maven.BootstrapMavenContext.getEffectiveSettings(BootstrapMavenContext.java:252)
	at io.quarkus.bootstrap.resolver.maven.BootstrapMavenContext.isOffline(BootstrapMavenContext.java:218)
	at io.quarkus.bootstrap.resolver.maven.BootstrapMavenContext.newRepositorySystem(BootstrapMavenContext.java:648)
	at io.quarkus.bootstrap.resolver.maven.BootstrapMavenContext.getRepositorySystem(BootstrapMavenContext.java:223)
	at io.quarkus.bootstrap.resolver.maven.MavenArtifactResolver.<init>(MavenArtifactResolver.java:113)
	at io.quarkus.bootstrap.BootstrapAppModelFactory.getAppModelResolver(BootstrapAppModelFactory.java:192)
	at io.quarkus.bootstrap.BootstrapAppModelFactory.resolveAppModel(BootstrapAppModelFactory.java:305)
	at io.quarkus.bootstrap.app.QuarkusBootstrap.bootstrap(QuarkusBootstrap.java:163)
	at io.quarkus.test.junit.QuarkusTestExtension.doJavaStart(QuarkusTestExtension.java:300)
	at io.quarkus.test.junit.QuarkusTestExtension.ensureStarted(QuarkusTestExtension.java:643)
	at io.quarkus.test.junit.QuarkusTestExtension.beforeAll(QuarkusTestExtension.java:689)
	at org.junit.jupiter.engine.descriptor.ClassBasedTestDescriptor.lambda$invokeBeforeAllCallbacks$8(ClassBasedTestDescriptor.java:368)
	at org.junit.platform.engine.support.hierarchical.ThrowableCollector.execute(ThrowableCollector.java:73)
	at org.junit.jupiter.engine.descriptor.ClassBasedTestDescriptor.invokeBeforeAllCallbacks(ClassBasedTestDescriptor.java:368)
	at org.junit.jupiter.engine.descriptor.ClassBasedTestDescriptor.before(ClassBasedTestDescriptor.java:192)
	at org.junit.jupiter.engine.descriptor.ClassBasedTestDescriptor.before(ClassBasedTestDescriptor.java:78)
	at org.junit.platform.engine.support.hierarchical.NodeTestTask.lambda$executeRecursively$5(NodeTestTask.java:136)
	at org.junit.platform.engine.support.hierarchical.ThrowableCollector.execute(ThrowableCollector.java:73)
	at org.junit.platform.engine.support.hierarchical.NodeTestTask.lambda$executeRecursively$7(NodeTestTask.java:129)
	at org.junit.platform.engine.support.hierarchical.Node.around(Node.java:137)
	at org.junit.platform.engine.support.hierarchical.NodeTestTask.lambda$executeRecursively$8(NodeTestTask.java:127)
	at org.junit.platform.engine.support.hierarchical.ThrowableCollector.execute(ThrowableCollector.java:73)
	at org.junit.platform.engine.support.hierarchical.NodeTestTask.executeRecursively(NodeTestTask.java:126)
	at org.junit.platform.engine.support.hierarchical.NodeTestTask.execute(NodeTestTask.java:84)
	at java.base/java.util.ArrayList.forEach(ArrayList.java:1541)
	at org.junit.platform.engine.support.hierarchical.SameThreadHierarchicalTestExecutorService.invokeAll(SameThreadHierarchicalTestExecutorService.java:38)
	at org.junit.platform.engine.support.hierarchical.NodeTestTask.lambda$executeRecursively$5(NodeTestTask.java:143)
	at org.junit.platform.engine.support.hierarchical.ThrowableCollector.execute(ThrowableCollector.java:73)
	at org.junit.platform.engine.support.hierarchical.NodeTestTask.lambda$executeRecursively$7(NodeTestTask.java:129)
	at org.junit.platform.engine.support.hierarchical.Node.around(Node.java:137)
	at org.junit.platform.engine.support.hierarchical.NodeTestTask.lambda$executeRecursively$8(NodeTestTask.java:127)
	at org.junit.platform.engine.support.hierarchical.ThrowableCollector.execute(ThrowableCollector.java:73)
	at org.junit.platform.engine.support.hierarchical.NodeTestTask.executeRecursively(NodeTestTask.java:126)
	at org.junit.platform.engine.support.hierarchical.NodeTestTask.execute(NodeTestTask.java:84)
	at org.junit.platform.engine.support.hierarchical.SameThreadHierarchicalTestExecutorService.submit(SameThreadHierarchicalTestExecutorService.java:32)
	at org.junit.platform.engine.support.hierarchical.HierarchicalTestExecutor.execute(HierarchicalTestExecutor.java:57)
	at org.junit.platform.engine.support.hierarchical.HierarchicalTestEngine.execute(HierarchicalTestEngine.java:51)
	at org.junit.platform.launcher.core.EngineExecutionOrchestrator.execute(EngineExecutionOrchestrator.java:108)
	at org.junit.platform.launcher.core.EngineExecutionOrchestrator.execute(EngineExecutionOrchestrator.java:88)
	at org.junit.platform.launcher.core.EngineExecutionOrchestrator.lambda$execute$0(EngineExecutionOrchestrator.java:54)
	at org.junit.platform.launcher.core.EngineExecutionOrchestrator.withInterceptedStreams(EngineExecutionOrchestrator.java:67)
	at org.junit.platform.launcher.core.EngineExecutionOrchestrator.execute(EngineExecutionOrchestrator.java:52)
	at org.junit.platform.launcher.core.DefaultLauncher.execute(DefaultLauncher.java:96)
	at org.junit.platform.launcher.core.DefaultLauncher.execute(DefaultLauncher.java:75)
	at org.apache.maven.surefire.junitplatform.JUnitPlatformProvider.execute(JUnitPlatformProvider.java:188)
	at org.apache.maven.surefire.junitplatform.JUnitPlatformProvider.invokeAllTests(JUnitPlatformProvider.java:154)
	at org.apache.maven.surefire.junitplatform.JUnitPlatformProvider.invoke(JUnitPlatformProvider.java:128)
	at org.apache.maven.surefire.booter.ForkedBooter.runSuitesInProcess(ForkedBooter.java:428)
	at org.apache.maven.surefire.booter.ForkedBooter.execute(ForkedBooter.java:162)
	at org.apache.maven.surefire.booter.ForkedBooter.run(ForkedBooter.java:562)
	at org.apache.maven.surefire.booter.ForkedBooter.main(ForkedBooter.java:548)
Caused by: org.codehaus.plexus.util.xml.pull.XmlPullParserException: Unrecognised tag: 'blocked' (position: START_TAG seen ...</url>\r\n      <blocked>... @164:16) 
	at org.apache.maven.settings.io.xpp3.SettingsXpp3Reader.checkUnknownElement(SettingsXpp3Reader.java:149)
	at org.apache.maven.settings.io.xpp3.SettingsXpp3Reader.parseMirror(SettingsXpp3Reader.java:920)
	at org.apache.maven.settings.io.xpp3.SettingsXpp3Reader.parseSettings(SettingsXpp3Reader.java:1416)
	at org.apache.maven.settings.io.xpp3.SettingsXpp3Reader.read(SettingsXpp3Reader.java:1544)
	at org.apache.maven.settings.io.xpp3.SettingsXpp3Reader.read(SettingsXpp3Reader.java:566)
	at org.apache.maven.settings.io.xpp3.SettingsXpp3Reader.read(SettingsXpp3Reader.java:595)
	at org.apache.maven.settings.io.DefaultSettingsReader.read(DefaultSettingsReader.java:83)
	... 53 more

2021-05-25 18:09:18,072 INFO  [org.tes.doc.DockerClientProviderStrategy] (build-6) Loaded org.testcontainers.dockerclient.NpipeSocketClientProviderStrategy from ~/.testcontainers.properties, will try it first
2021-05-25 18:09:18,743 INFO  [org.tes.doc.DockerClientProviderStrategy] (build-6) Found Docker environment with local Npipe socket (npipe:////./pipe/docker_engine)
2021-05-25 18:09:18,744 INFO  [org.tes.DockerClientFactory] (build-6) Docker host IP address is localhost
2021-05-25 18:09:18,787 INFO  [org.tes.DockerClientFactory] (build-6) Connected to docker: 
  Server Version: 20.10.5
  API Version: 1.41
  Operating System: Docker Desktop
  Total Memory: 12740 MB
2021-05-25 18:09:18,791 INFO  [org.tes.uti.ImageNameSubstitutor] (build-6) Image name substitution will be performed by: DefaultImageNameSubstitutor (composite of 'ConfigurationFileImageNameSubstitutor' and 'PrefixingImageNameSubstitutor')
2021-05-25 18:09:19,578 INFO  [org.tes.DockerClientFactory] (build-6) Ryuk started - will monitor and terminate Testcontainers containers on JVM exit
2021-05-25 18:09:19,578 INFO  [org.tes.DockerClientFactory] (build-6) Checking the system...
2021-05-25 18:09:19,579 INFO  [org.tes.DockerClientFactory] (build-6) ?? Docker server version should be at least 1.6.0
2021-05-25 18:09:19,673 INFO  [org.tes.DockerClientFactory] (build-6) ?? Docker environment should have more than 2GB free disk space
2021-05-25 18:09:19,687 INFO  [doc.2]] (build-6) Creating container for image: postgres:13.2
2021-05-25 18:09:19,920 INFO  [doc.2]] (build-6) Starting container with ID: 268c477f0221091ad6b2b3705c009c6633c0528a0b2ac20b977485b2f79d9a9d
2021-05-25 18:09:20,325 INFO  [doc.2]] (build-6) Container postgres:13.2 is starting: 268c477f0221091ad6b2b3705c009c6633c0528a0b2ac20b977485b2f79d9a9d
2021-05-25 18:09:22,859 INFO  [doc.2]] (build-6) Container postgres:13.2 started in PT3.1855166S
2021-05-25 18:09:23,837 WARNING [io.ver.sql.imp.SocketConnectionBase] (vert.x-eventloop-thread-0) Backend notice: severity='NOTICE', code='00000', message='table "users" does not exist, skipping', detail='null', hint='null', position='null', internalPosition='null', internalQuery='null', where='null', file='tablecmds.c', line='1217', routine='DropErrorMsgNonExistent', schema='null', table='null', column='null', dataType='null', constraint='null'
]]></system-out>
  </testcase>
</testsuite>